<?xml version="1.0" encoding="UTF-8"?>
<!-- Generated by org.testng.reporters.JUnitReportReporter -->
<testsuite skipped="0" hostname="DESKTOP-CQI8D1D" name="com.harman.test.LoginUITest" tests="1" failures="0" timestamp="2022-04-20T21:52:43 IST" time="11.847" errors="0">
  <testcase name="validateTitleTest" time="11.847" classname="com.harman.test.LoginUITest"/>
  <system-out/>
</testsuite> <!-- com.harman.test.LoginUITest -->
